21:34:36.167 [main] INFO  FramewordDesign.HomePage - Driver Initiliazed for HomePage Testcase
21:34:37.797 [main] INFO  FramewordDesign.VerifyContact - Driver Initiliazed for VerifyContact Testcase
21:34:39.497 [main] INFO  FramewordDesign.VerifyText - Driver is Initialized for VerifyText testcase
21:34:42.544 [main] INFO  FramewordDesign.VerifyText - Testcase Executed successfully for VerifyText
21:34:47.389 [main] INFO  FramewordDesign.HomePage - Testcase Executed successfully for HomePage
21:34:50.924 [main] INFO  FramewordDesign.HomePage - Testcase Executed successfully for HomePage
21:34:58.568 [main] INFO  FramewordDesign.HomePage - Testcase Executed successfully for HomePage
21:35:03.427 [main] INFO  FramewordDesign.VerifyContact - Testcase Executed successfully for VerifyContact
21:35:04.658 [main] INFO  FramewordDesign.HomePage - Browser closed for HomePage
21:35:09.292 [main] INFO  FramewordDesign.VerifyContact - Browser closed for VerifyContact
21:35:09.522 [main] INFO  FramewordDesign.VerifyText - Browser closed for VerifyText
21:58:31.254 [main] INFO  FramewordDesign.VerifyText - Driver is Initialized for VerifyText testcase
21:58:34.527 [main] INFO  FramewordDesign.VerifyText - Testcase Executed successfully for VerifyText
21:58:34.861 [main] INFO  FramewordDesign.VerifyText - Browser closed for VerifyText
22:04:09.100 [main] INFO  FramewordDesign.VerifyText - Driver is Initialized for VerifyText testcase
22:04:12.812 [main] INFO  FramewordDesign.VerifyText - Testcase Executed successfully for VerifyText
22:04:13.346 [main] INFO  FramewordDesign.VerifyText - Browser closed for VerifyText
22:04:33.647 [main] INFO  FramewordDesign.HomePage - Driver Initiliazed for HomePage Testcase
22:04:35.277 [main] INFO  FramewordDesign.VerifyContact - Driver Initiliazed for VerifyContact Testcase
22:04:36.957 [main] INFO  FramewordDesign.VerifyText - Driver is Initialized for VerifyText testcase
22:04:40.788 [main] INFO  FramewordDesign.VerifyText - Testcase Executed successfully for VerifyText
22:04:46.428 [main] INFO  FramewordDesign.HomePage - Testcase Executed successfully for HomePage
22:04:51.412 [main] INFO  FramewordDesign.HomePage - Testcase Executed successfully for HomePage
22:04:56.153 [main] INFO  FramewordDesign.HomePage - Testcase Executed successfully for HomePage
22:05:02.460 [main] INFO  FramewordDesign.VerifyContact - Testcase Executed successfully for VerifyContact
22:05:03.186 [main] INFO  FramewordDesign.HomePage - Browser closed for HomePage
22:05:03.612 [main] INFO  FramewordDesign.VerifyContact - Browser closed for VerifyContact
22:05:04.279 [main] INFO  FramewordDesign.VerifyText - Browser closed for VerifyText
22:06:49.997 [main] INFO  FramewordDesign.VerifyText - Driver is Initialized for VerifyText testcase
22:06:53.004 [main] INFO  FramewordDesign.VerifyText - Testcase Executed successfully for VerifyText
22:06:53.559 [main] INFO  FramewordDesign.VerifyText - Browser closed for VerifyText
22:07:21.750 [main] INFO  FramewordDesign.HomePage - Driver Initiliazed for HomePage Testcase
22:07:23.360 [main] INFO  FramewordDesign.VerifyContact - Driver Initiliazed for VerifyContact Testcase
22:07:25.671 [main] INFO  FramewordDesign.VerifyText - Driver is Initialized for VerifyText testcase
22:07:29.487 [main] INFO  FramewordDesign.VerifyText - Testcase Executed successfully for VerifyText
22:07:35.100 [main] INFO  FramewordDesign.HomePage - Testcase Executed successfully for HomePage
22:07:40.030 [main] INFO  FramewordDesign.HomePage - Testcase Executed successfully for HomePage
22:07:44.087 [main] INFO  FramewordDesign.HomePage - Testcase Executed successfully for HomePage
22:07:49.020 [main] INFO  FramewordDesign.VerifyContact - Testcase Executed successfully for VerifyContact
22:07:53.664 [main] INFO  FramewordDesign.HomePage - Browser closed for HomePage
22:07:53.977 [main] INFO  FramewordDesign.VerifyContact - Browser closed for VerifyContact
22:07:54.593 [main] INFO  FramewordDesign.VerifyText - Browser closed for VerifyText
22:09:54.419 [main] INFO  FramewordDesign.HomePage - Driver Initiliazed for HomePage Testcase
22:09:56.216 [main] INFO  FramewordDesign.VerifyContact - Driver Initiliazed for VerifyContact Testcase
22:09:57.976 [main] INFO  FramewordDesign.VerifyText - Driver is Initialized for VerifyText testcase
22:10:01.075 [main] INFO  FramewordDesign.VerifyText - Testcase Executed successfully for VerifyText
22:10:05.747 [main] INFO  FramewordDesign.HomePage - Testcase Executed successfully for HomePage
22:10:09.763 [main] INFO  FramewordDesign.HomePage - Testcase Executed successfully for HomePage
22:10:14.975 [main] INFO  FramewordDesign.HomePage - Testcase Executed successfully for HomePage
22:10:21.500 [main] INFO  FramewordDesign.VerifyContact - Testcase Executed successfully for VerifyContact
22:10:26.332 [main] INFO  FramewordDesign.HomePage - Browser closed for HomePage
22:10:30.758 [main] INFO  FramewordDesign.VerifyContact - Browser closed for VerifyContact
22:10:31.040 [main] INFO  FramewordDesign.VerifyText - Browser closed for VerifyText
22:13:33.838 [main] INFO  FramewordDesign.HomePage - Driver Initiliazed for HomePage Testcase
22:13:35.508 [main] INFO  FramewordDesign.VerifyContact - Driver Initiliazed for VerifyContact Testcase
22:13:37.263 [main] INFO  FramewordDesign.VerifyText - Driver is Initialized for VerifyText testcase
22:13:40.316 [main] INFO  FramewordDesign.VerifyText - Testcase Executed successfully for VerifyText
22:13:45.604 [main] INFO  FramewordDesign.HomePage - Testcase Executed successfully for HomePage
22:13:51.047 [main] INFO  FramewordDesign.HomePage - Testcase Executed successfully for HomePage
22:13:55.419 [main] INFO  FramewordDesign.HomePage - Testcase Executed successfully for HomePage
22:13:59.452 [main] INFO  FramewordDesign.VerifyContact - Testcase Executed successfully for VerifyContact
22:14:00.606 [main] INFO  FramewordDesign.HomePage - Browser closed for HomePage
22:14:00.884 [main] INFO  FramewordDesign.VerifyContact - Browser closed for VerifyContact
22:14:01.775 [main] INFO  FramewordDesign.VerifyText - Browser closed for VerifyText
22:14:29.527 [main] INFO  FramewordDesign.VerifyText - Driver is Initialized for VerifyText testcase
22:14:32.548 [main] INFO  FramewordDesign.VerifyText - Testcase Executed successfully for VerifyText
22:14:33.011 [main] INFO  FramewordDesign.VerifyText - Browser closed for VerifyText
22:14:53.475 [main] INFO  FramewordDesign.HomePage - Driver Initiliazed for HomePage Testcase
22:14:55.147 [main] INFO  FramewordDesign.VerifyContact - Driver Initiliazed for VerifyContact Testcase
22:14:56.847 [main] INFO  FramewordDesign.VerifyText - Driver is Initialized for VerifyText testcase
22:15:00.269 [main] INFO  FramewordDesign.VerifyText - Testcase Executed successfully for VerifyText
22:15:05.459 [main] INFO  FramewordDesign.HomePage - Testcase Executed successfully for HomePage
22:15:09.280 [main] INFO  FramewordDesign.HomePage - Testcase Executed successfully for HomePage
22:15:13.461 [main] INFO  FramewordDesign.HomePage - Testcase Executed successfully for HomePage
22:15:18.264 [main] INFO  FramewordDesign.VerifyContact - Testcase Executed successfully for VerifyContact
22:15:20.463 [main] INFO  FramewordDesign.HomePage - Browser closed for HomePage
22:15:21.095 [main] INFO  FramewordDesign.VerifyContact - Browser closed for VerifyContact
22:15:21.495 [main] INFO  FramewordDesign.VerifyText - Browser closed for VerifyText
22:22:22.665 [main] INFO  FramewordDesign.VerifyText - Driver is Initialized for VerifyText testcase
22:22:25.412 [main] INFO  FramewordDesign.VerifyText - Testcase Executed successfully for VerifyText
22:22:25.586 [main] INFO  FramewordDesign.VerifyText - Browser closed for VerifyText
23:00:56.835 [main] INFO  FramewordDesign.VerifyText - Driver is Initialized for VerifyText testcase
23:00:59.801 [main] INFO  FramewordDesign.VerifyText - Testcase Executed successfully for VerifyText
23:00:59.995 [main] INFO  FramewordDesign.VerifyText - Browser closed for VerifyText
23:02:38.177 [main] INFO  FramewordDesign.VerifyText - Driver is Initialized for VerifyText testcase
23:02:41.164 [main] INFO  FramewordDesign.VerifyText - Testcase Executed successfully for VerifyText
23:02:41.415 [main] INFO  FramewordDesign.VerifyText - Browser closed for VerifyText
23:50:30.056 [main] INFO  FramewordDesign.VerifyText - Driver is Initialized for VerifyText testcase
23:50:33.484 [main] INFO  FramewordDesign.VerifyText - Testcase Executed successfully for VerifyText
23:50:33.772 [main] INFO  FramewordDesign.VerifyText - Browser closed for VerifyText
23:55:19.318 [main] INFO  FramewordDesign.VerifyText - Driver is Initialized for VerifyText testcase
23:55:21.987 [main] INFO  FramewordDesign.VerifyText - Testcase Executed successfully for VerifyText
23:55:22.313 [main] INFO  FramewordDesign.VerifyText - Browser closed for VerifyText
23:55:44.095 [main] INFO  FramewordDesign.VerifyContact - Driver Initiliazed for VerifyContact Testcase
23:55:46.941 [main] INFO  FramewordDesign.VerifyContact - Testcase Executed successfully for VerifyContact
23:55:47.203 [main] INFO  FramewordDesign.VerifyContact - Browser closed for VerifyContact
23:56:17.717 [main] INFO  FramewordDesign.HomePage - Driver Initiliazed for HomePage Testcase
23:56:21.293 [main] INFO  FramewordDesign.HomePage - Testcase Executed successfully for HomePage
23:56:23.984 [main] INFO  FramewordDesign.HomePage - Testcase Executed successfully for HomePage
23:56:26.384 [main] INFO  FramewordDesign.HomePage - Testcase Executed successfully for HomePage
23:56:26.691 [main] INFO  FramewordDesign.HomePage - Browser closed for HomePage
23:56:51.632 [main] INFO  FramewordDesign.HomePage - Driver Initiliazed for HomePage Testcase
23:56:53.277 [main] INFO  FramewordDesign.VerifyContact - Driver Initiliazed for VerifyContact Testcase
23:56:54.930 [main] INFO  FramewordDesign.VerifyText - Driver is Initialized for VerifyText testcase
23:56:58.330 [main] INFO  FramewordDesign.VerifyText - Testcase Executed successfully for VerifyText
23:57:05.690 [main] INFO  FramewordDesign.HomePage - Testcase Executed successfully for HomePage
23:57:10.079 [main] INFO  FramewordDesign.HomePage - Testcase Executed successfully for HomePage
23:57:13.728 [main] INFO  FramewordDesign.HomePage - Testcase Executed successfully for HomePage
23:57:18.928 [main] INFO  FramewordDesign.VerifyContact - Testcase Executed successfully for VerifyContact
23:57:19.687 [main] INFO  FramewordDesign.HomePage - Browser closed for HomePage
23:57:24.043 [main] INFO  FramewordDesign.VerifyContact - Browser closed for VerifyContact
23:57:24.392 [main] INFO  FramewordDesign.VerifyText - Browser closed for VerifyText
23:59:46.445 [main] INFO  FramewordDesign.VerifyText - Driver is Initialized for VerifyText testcase
23:59:49.034 [main] INFO  FramewordDesign.VerifyText - Testcase Executed successfully for VerifyText
23:59:49.311 [main] INFO  FramewordDesign.VerifyText - Browser closed for VerifyText
00:00:07.807 [main] INFO  FramewordDesign.VerifyContact - Driver Initiliazed for VerifyContact Testcase
00:00:10.646 [main] INFO  FramewordDesign.VerifyContact - Testcase Executed successfully for VerifyContact
00:00:10.924 [main] INFO  FramewordDesign.VerifyContact - Browser closed for VerifyContact
00:00:27.836 [main] INFO  FramewordDesign.HomePage - Driver Initiliazed for HomePage Testcase
00:00:31.700 [main] INFO  FramewordDesign.HomePage - Testcase Executed successfully for HomePage
00:00:34.336 [main] INFO  FramewordDesign.HomePage - Testcase Executed successfully for HomePage
00:00:36.830 [main] INFO  FramewordDesign.HomePage - Testcase Executed successfully for HomePage
00:00:37.116 [main] INFO  FramewordDesign.HomePage - Browser closed for HomePage
00:01:17.170 [main] INFO  FramewordDesign.HomePage - Driver Initiliazed for HomePage Testcase
00:01:18.761 [main] INFO  FramewordDesign.VerifyContact - Driver Initiliazed for VerifyContact Testcase
00:01:20.495 [main] INFO  FramewordDesign.VerifyText - Driver is Initialized for VerifyText testcase
00:01:24.695 [main] INFO  FramewordDesign.VerifyText - Testcase Executed successfully for VerifyText
00:01:30.312 [main] INFO  FramewordDesign.HomePage - Testcase Executed successfully for HomePage
00:01:35.336 [main] INFO  FramewordDesign.HomePage - Testcase Executed successfully for HomePage
00:01:39.333 [main] INFO  FramewordDesign.HomePage - Testcase Executed successfully for HomePage
00:01:44.887 [main] INFO  FramewordDesign.VerifyContact - Testcase Executed successfully for VerifyContact
00:01:45.368 [main] INFO  FramewordDesign.HomePage - Browser closed for HomePage
00:01:49.807 [main] INFO  FramewordDesign.VerifyContact - Browser closed for VerifyContact
00:01:50.080 [main] INFO  FramewordDesign.VerifyText - Browser closed for VerifyText
00:02:22.452 [main] INFO  FramewordDesign.HomePage - Driver Initiliazed for HomePage Testcase
00:02:24.170 [main] INFO  FramewordDesign.VerifyContact - Driver Initiliazed for VerifyContact Testcase
00:02:26.587 [main] INFO  FramewordDesign.VerifyText - Driver is Initialized for VerifyText testcase
00:02:30.774 [main] INFO  FramewordDesign.VerifyText - Testcase Executed successfully for VerifyText
00:02:35.881 [main] INFO  FramewordDesign.HomePage - Testcase Executed successfully for HomePage
00:02:40.899 [main] INFO  FramewordDesign.HomePage - Testcase Executed successfully for HomePage
00:02:45.717 [main] INFO  FramewordDesign.HomePage - Testcase Executed successfully for HomePage
00:02:52.162 [main] INFO  FramewordDesign.VerifyContact - Testcase Executed successfully for VerifyContact
00:02:53.009 [main] INFO  FramewordDesign.HomePage - Browser closed for HomePage
00:02:53.577 [main] INFO  FramewordDesign.VerifyContact - Browser closed for VerifyContact
00:02:54.142 [main] INFO  FramewordDesign.VerifyText - Browser closed for VerifyText
00:04:03.164 [main] INFO  FramewordDesign.HomePage - Driver Initiliazed for HomePage Testcase
00:04:04.870 [main] INFO  FramewordDesign.VerifyContact - Driver Initiliazed for VerifyContact Testcase
00:04:06.705 [main] INFO  FramewordDesign.VerifyText - Driver is Initialized for VerifyText testcase
00:04:09.623 [main] INFO  FramewordDesign.VerifyText - Testcase Executed successfully for VerifyText
00:04:15.808 [main] INFO  FramewordDesign.HomePage - Testcase Executed successfully for HomePage
00:04:21.571 [main] INFO  FramewordDesign.HomePage - Testcase Executed successfully for HomePage
00:04:26.049 [main] INFO  FramewordDesign.HomePage - Testcase Executed successfully for HomePage
00:04:32.487 [main] INFO  FramewordDesign.VerifyContact - Testcase Executed successfully for VerifyContact
00:04:32.964 [main] INFO  FramewordDesign.HomePage - Browser closed for HomePage
00:04:37.338 [main] INFO  FramewordDesign.VerifyContact - Browser closed for VerifyContact
00:04:37.843 [main] INFO  FramewordDesign.VerifyText - Browser closed for VerifyText
00:05:42.145 [main] INFO  FramewordDesign.HomePage - Driver Initiliazed for HomePage Testcase
00:05:43.871 [main] INFO  FramewordDesign.VerifyContact - Driver Initiliazed for VerifyContact Testcase
00:05:45.602 [main] INFO  FramewordDesign.VerifyText - Driver is Initialized for VerifyText testcase
00:05:48.926 [main] INFO  FramewordDesign.VerifyText - Testcase Executed successfully for VerifyText
00:05:53.929 [main] INFO  FramewordDesign.HomePage - Testcase Executed successfully for HomePage
00:05:58.943 [main] INFO  FramewordDesign.HomePage - Testcase Executed successfully for HomePage
00:06:03.303 [main] INFO  FramewordDesign.HomePage - Testcase Executed successfully for HomePage
00:06:09.801 [main] INFO  FramewordDesign.VerifyContact - Testcase Executed successfully for VerifyContact
00:06:14.745 [main] INFO  FramewordDesign.HomePage - Browser closed for HomePage
00:06:15.075 [main] INFO  FramewordDesign.VerifyContact - Browser closed for VerifyContact
00:06:15.567 [main] INFO  FramewordDesign.VerifyText - Browser closed for VerifyText
00:11:20.075 [main] INFO  FramewordDesign.HomePage - Driver Initiliazed for HomePage Testcase
00:11:21.775 [main] INFO  FramewordDesign.VerifyContact - Driver Initiliazed for VerifyContact Testcase
00:11:23.624 [main] INFO  FramewordDesign.VerifyText - Driver is Initialized for VerifyText testcase
00:11:26.553 [main] INFO  FramewordDesign.VerifyText - Testcase Executed successfully for VerifyText
00:11:31.584 [main] INFO  FramewordDesign.HomePage - Testcase Executed successfully for HomePage
00:11:36.013 [main] INFO  FramewordDesign.HomePage - Testcase Executed successfully for HomePage
00:11:40.660 [main] INFO  FramewordDesign.HomePage - Testcase Executed successfully for HomePage
00:11:47.488 [main] INFO  FramewordDesign.VerifyContact - Testcase Executed successfully for VerifyContact
00:11:52.375 [main] INFO  FramewordDesign.HomePage - Browser closed for HomePage
00:11:52.753 [main] INFO  FramewordDesign.VerifyContact - Browser closed for VerifyContact
00:11:57.009 [main] INFO  FramewordDesign.VerifyText - Browser closed for VerifyText
00:15:03.588 [main] INFO  FramewordDesign.HomePage - Driver Initiliazed for HomePage Testcase
00:15:05.220 [main] INFO  FramewordDesign.VerifyContact - Driver Initiliazed for VerifyContact Testcase
00:15:06.877 [main] INFO  FramewordDesign.VerifyText - Driver is Initialized for VerifyText testcase
00:15:09.578 [main] INFO  FramewordDesign.VerifyText - Testcase Executed successfully for VerifyText
00:15:14.280 [main] INFO  FramewordDesign.HomePage - Testcase Executed successfully for HomePage
00:15:18.566 [main] INFO  FramewordDesign.HomePage - Testcase Executed successfully for HomePage
00:15:23.007 [main] INFO  FramewordDesign.HomePage - Testcase Executed successfully for HomePage
00:15:28.333 [main] INFO  FramewordDesign.VerifyContact - Testcase Executed successfully for VerifyContact
00:15:29.480 [main] INFO  FramewordDesign.HomePage - Browser closed for HomePage
00:15:29.875 [main] INFO  FramewordDesign.VerifyContact - Browser closed for VerifyContact
00:15:30.332 [main] INFO  FramewordDesign.VerifyText - Browser closed for VerifyText
10:56:31.991 [main] INFO  FramewordDesign.VerifyText - Driver is Initialized for VerifyText testcase
10:56:35.005 [main] INFO  FramewordDesign.VerifyText - Testcase Executed successfully for VerifyText
10:56:35.274 [main] INFO  FramewordDesign.VerifyText - Browser closed for VerifyText
10:56:37.072 [main] INFO  FramewordDesign.HomePage - Driver Initiliazed for HomePage Testcase
10:56:40.870 [main] INFO  FramewordDesign.HomePage - Testcase Executed successfully for HomePage
10:56:41.351 [main] INFO  FramewordDesign.HomePage - Browser closed for HomePage
10:56:42.997 [main] INFO  FramewordDesign.HomePage - Driver Initiliazed for HomePage Testcase
10:56:47.419 [main] INFO  FramewordDesign.HomePage - Testcase Executed successfully for HomePage
10:56:48.023 [main] INFO  FramewordDesign.HomePage - Browser closed for HomePage
10:56:49.723 [main] INFO  FramewordDesign.HomePage - Driver Initiliazed for HomePage Testcase
10:56:53.849 [main] INFO  FramewordDesign.HomePage - Testcase Executed successfully for HomePage
10:56:54.374 [main] INFO  FramewordDesign.HomePage - Browser closed for HomePage
10:56:56.219 [main] INFO  FramewordDesign.VerifyContact - Driver Initiliazed for VerifyContact Testcase
10:56:59.362 [main] INFO  FramewordDesign.VerifyContact - Testcase Executed successfully for VerifyContact
10:56:59.635 [main] INFO  FramewordDesign.VerifyContact - Browser closed for VerifyContact
11:33:44.898 [main] INFO  FramewordDesign.VerifyText - Driver is Initialized for VerifyText testcase
11:33:49.024 [main] INFO  FramewordDesign.VerifyText - Testcase Executed successfully for VerifyText
11:33:49.600 [main] INFO  FramewordDesign.VerifyText - Browser closed for VerifyText
11:33:51.371 [main] INFO  FramewordDesign.HomePage - Driver Initiliazed for HomePage Testcase
11:33:55.453 [main] INFO  FramewordDesign.HomePage - Testcase Executed successfully for HomePage
11:33:55.883 [main] INFO  FramewordDesign.HomePage - Browser closed for HomePage
11:33:57.635 [main] INFO  FramewordDesign.HomePage - Driver Initiliazed for HomePage Testcase
11:34:02.414 [main] INFO  FramewordDesign.HomePage - Testcase Executed successfully for HomePage
11:34:02.698 [main] INFO  FramewordDesign.HomePage - Browser closed for HomePage
11:34:04.359 [main] INFO  FramewordDesign.HomePage - Driver Initiliazed for HomePage Testcase
11:34:08.233 [main] INFO  FramewordDesign.HomePage - Testcase Executed successfully for HomePage
11:34:08.547 [main] INFO  FramewordDesign.HomePage - Browser closed for HomePage
11:34:11.083 [main] INFO  FramewordDesign.VerifyContact - Driver Initiliazed for VerifyContact Testcase
11:34:14.693 [main] INFO  FramewordDesign.VerifyContact - Testcase Executed successfully for VerifyContact
11:34:14.882 [main] INFO  FramewordDesign.VerifyContact - Browser closed for VerifyContact
10:34:06.317 [main] INFO  FramewordDesign.VerifyText - Driver is Initialized for VerifyText testcase
10:34:10.137 [main] INFO  FramewordDesign.VerifyText - Testcase Executed successfully for VerifyText
10:34:11.239 [main] INFO  FramewordDesign.VerifyText - Browser closed for VerifyText
10:34:13.409 [main] INFO  FramewordDesign.HomePage - Driver Initiliazed for HomePage Testcase
10:34:19.164 [main] INFO  FramewordDesign.HomePage - Testcase Executed successfully for HomePage
10:34:20.203 [main] INFO  FramewordDesign.HomePage - Browser closed for HomePage
10:34:22.505 [main] INFO  FramewordDesign.HomePage - Driver Initiliazed for HomePage Testcase
10:34:28.423 [main] INFO  FramewordDesign.HomePage - Testcase Executed successfully for HomePage
10:34:29.370 [main] INFO  FramewordDesign.HomePage - Browser closed for HomePage
10:34:31.829 [main] INFO  FramewordDesign.HomePage - Driver Initiliazed for HomePage Testcase
10:34:37.122 [main] INFO  FramewordDesign.HomePage - Testcase Executed successfully for HomePage
10:34:37.908 [main] INFO  FramewordDesign.HomePage - Browser closed for HomePage
10:34:40.223 [main] INFO  FramewordDesign.VerifyContact - Driver Initiliazed for VerifyContact Testcase
10:34:44.165 [main] INFO  FramewordDesign.VerifyContact - Testcase Executed successfully for VerifyContact
10:34:44.874 [main] INFO  FramewordDesign.VerifyContact - Browser closed for VerifyContact
